#
# There is insufficient memory for the Java Runtime Environment to continue.
# Native memory allocation (malloc) failed to allocate 958032 bytes for Chunk::new
# Possible reasons:
#   The system is out of physical RAM or swap space
#   In 32 bit mode, the process size limit was hit
# Possible solutions:
#   Reduce memory load on the system
#   Increase physical memory or swap space
#   Check if swap backing store is full
#   Use 64 bit Java on a 64 bit OS
#   Decrease Java heap size (-Xmx/-Xms)
#   Decrease number of Java threads
#   Decrease Java thread stack sizes (-Xss)
#   Set larger code cache with -XX:ReservedCodeCacheSize=
# This output file may be truncated or incomplete.
#
#  Out of Memory Error (allocation.cpp:328), pid=3268, tid=2556
#
# JRE version: 7.0_25-b17
# Java VM: Java HotSpot(TM) 64-Bit Server VM (23.25-b01 mixed mode windows-amd64 compressed oops)
# Failed to write core dump. Minidumps are not enabled by default on client versions of Windows
#

---------------  T H R E A D  ---------------

Current thread (0x00000000093eb000):  JavaThread "C2 CompilerThread0" daemon [_thread_in_native, id=2556, stack(0x000000000acd0000,0x000000000add0000)]

Stack: [0x000000000acd0000,0x000000000add0000]

Current CompileTask:
C2:   5958  410             groovy.lang.MetaClassImpl$1MOPIter::methodNameAction (482 bytes)


---------------  P R O C E S S  ---------------

Java Threads: ( => current thread )
  0x000000000c5c4800 JavaThread "File lock request listener" [_thread_in_native, id=10396, stack(0x000000000dd70000,0x000000000de70000)]
  0x000000000c583000 JavaThread "Stdin handler" [_thread_blocked, id=9120, stack(0x000000000d520000,0x000000000d620000)]
  0x000000000bb58800 JavaThread "Daemon worker" [_thread_in_vm, id=7364, stack(0x000000000dbb0000,0x000000000dcb0000)]
  0x000000000bb58000 JavaThread "Cancel handler" [_thread_blocked, id=3524, stack(0x000000000d8e0000,0x000000000d9e0000)]
  0x000000000c574800 JavaThread "Handler for socket connection from /127.0.0.1:49479 to /127.0.0.1:49480" [_thread_in_native, id=3312, stack(0x000000000d9f0000,0x000000000daf0000)]
  0x000000000c437800 JavaThread "Daemon" [_thread_blocked, id=8332, stack(0x000000000d780000,0x000000000d880000)]
  0x000000000ba94000 JavaThread "Incoming local TCP Connector on port 49479" [_thread_in_native, id=9992, stack(0x000000000d650000,0x000000000d750000)]
  0x00000000093f3000 JavaThread "Service Thread" daemon [_thread_blocked, id=10000, stack(0x000000000b000000,0x000000000b100000)]
  0x00000000093f0000 JavaThread "C2 CompilerThread1" daemon [_thread_in_native, id=3788, stack(0x000000000ae90000,0x000000000af90000)]
=>0x00000000093eb000 JavaThread "C2 CompilerThread0" daemon [_thread_in_native, id=2556, stack(0x000000000acd0000,0x000000000add0000)]
  0x00000000093e9000 JavaThread "Attach Listener" daemon [_thread_blocked, id=6892, stack(0x000000000aa80000,0x000000000ab80000)]
  0x00000000093e3800 JavaThread "Signal Dispatcher" daemon [_thread_blocked, id=7312, stack(0x000000000a910000,0x000000000aa10000)]
  0x00000000022a1000 JavaThread "Finalizer" daemon [_thread_blocked, id=4948, stack(0x000000000a700000,0x000000000a800000)]
  0x00000000022a0000 JavaThread "Reference Handler" daemon [_thread_blocked, id=10156, stack(0x000000000a370000,0x000000000a470000)]
  0x000000000233d000 JavaThread "main" [_thread_blocked, id=6332, stack(0x0000000002340000,0x0000000002440000)]

Other Threads:
  0x000000000935f800 VMThread [stack: 0x000000000a490000,0x000000000a590000] [id=10108]
  0x00000000093f4000 WatcherThread [stack: 0x000000000b120000,0x000000000b220000] [id=9420]

VM state:not at safepoint (normal execution)

VM Mutex/Monitor currently owned by a thread: None

Heap
 PSYoungGen      total 140160K, used 93635K [0x00000000eaab0000, 0x00000000f3db0000, 0x0000000100000000)
  eden space 130304K, 68% used [0x00000000eaab0000,0x00000000f019ec38,0x00000000f29f0000)
  from space 9856K, 46% used [0x00000000f29f0000,0x00000000f2e720e0,0x00000000f3390000)
  to   space 9344K, 0% used [0x00000000f3390000,0x00000000f3390000,0x00000000f3cb0000)
 ParOldGen       total 86912K, used 10933K [0x00000000c0000000, 0x00000000c54e0000, 0x00000000eaab0000)
  object space 86912K, 12% used [0x00000000c0000000,0x00000000c0aad490,0x00000000c54e0000)
 PSPermGen       total 23936K, used 23815K [0x00000000b0000000, 0x00000000b1760000, 0x00000000c0000000)
  object space 23936K, 99% used [0x00000000b0000000,0x00000000b1742140,0x00000000b1760000)

Card table byte_map: [0x0000000005520000,0x00000000057b0000] byte_map_base: 0x0000000004fa0000

Polling page: 0x0000000000330000

Code Cache  [0x0000000002520000, 0x0000000002790000, 0x0000000005520000)
 total_blobs=966 nmethods=407 adapters=510 free_code_cache=46826Kb largest_free_block=47918016

Compilation events (10 events):
Event: 5.919 Thread 0x00000000093eb000 nmethod 408 0x0000000002769e50 code [0x0000000002769fc0, 0x000000000276a4f8]
Event: 5.919 Thread 0x00000000093eb000  410             groovy.lang.MetaClassImpl$1MOPIter::methodNameAction (482 bytes)
Event: 5.929 Thread 0x00000000093f0000 nmethod 409 0x00000000027680d0 code [0x0000000002768340, 0x0000000002769088]
Event: 5.930 Thread 0x00000000093f0000  411             java.io.ObjectOutputStream$BlockDataOutputStream::getUTFLength (124 bytes)
Event: 5.933 Thread 0x00000000093f0000 nmethod 411 0x0000000002754e50 code [0x0000000002754fa0, 0x00000000027553b8]
Event: 5.933 Thread 0x00000000093f0000  412             java.io.ObjectOutputStream$BlockDataOutputStream::writeBytes (144 bytes)
Event: 5.938 Thread 0x00000000093f0000 nmethod 412 0x000000000276a850 code [0x000000000276a9a0, 0x000000000276adc8]
Event: 5.938 Thread 0x00000000093f0000  413             org.codehaus.groovy.runtime.metaclass.MetaMethodIndex::copyMethodsToSuper (82 bytes)
Event: 5.941 Thread 0x00000000093f0000 nmethod 413 0x000000000276cd10 code [0x000000000276ce60, 0x000000000276d1f8]
Event: 5.943 Thread 0x00000000093f0000  414             groovy.lang.MetaClassImpl::applyStrayPropertyMethods (232 bytes)

GC Heap History (10 events):
Event: 3.137 GC heap before
{Heap before GC invocations=3 (full 0):
 PSYoungGen      total 38080K, used 38049K [0x00000000eaab0000, 0x00000000ed520000, 0x0000000100000000)
  eden space 32704K, 100% used [0x00000000eaab0000,0x00000000ecaa0000,0x00000000ecaa0000)
  from space 5376K, 99% used [0x00000000ecfe0000,0x00000000ed518420,0x00000000ed520000)
  to   space 5376K, 0% used [0x00000000ecaa0000,0x00000000ecaa0000,0x00000000ecfe0000)
 ParOldGen       total 86912K, used 2080K [0x00000000c0000000, 0x00000000c54e0000, 0x00000000eaab0000)
  object space 86912K, 2% used [0x00000000c0000000,0x00000000c02080d8,0x00000000c54e0000)
 PSPermGen       total 21248K, used 18614K [0x00000000b0000000, 0x00000000b14c0000, 0x00000000c0000000)
  object space 21248K, 87% used [0x00000000b0000000,0x00000000b122d990,0x00000000b14c0000)
Event: 3.156 GC heap after
Heap after GC invocations=3 (full 0):
 PSYoungGen      total 38080K, used 5360K [0x00000000eaab0000, 0x00000000ef510000, 0x0000000100000000)
  eden space 32704K, 0% used [0x00000000eaab0000,0x00000000eaab0000,0x00000000ecaa0000)
  from space 5376K, 99% used [0x00000000ecaa0000,0x00000000ecfdc010,0x00000000ecfe0000)
  to   space 5376K, 0% used [0x00000000eefd0000,0x00000000eefd0000,0x00000000ef510000)
 ParOldGen       total 86912K, used 4748K [0x00000000c0000000, 0x00000000c54e0000, 0x00000000eaab0000)
  object space 86912K, 5% used [0x00000000c0000000,0x00000000c04a3120,0x00000000c54e0000)
 PSPermGen       total 21248K, used 18614K [0x00000000b0000000, 0x00000000b14c0000, 0x00000000c0000000)
  object space 21248K, 87% used [0x00000000b0000000,0x00000000b122d990,0x00000000b14c0000)
}
Event: 3.607 GC heap before
{Heap before GC invocations=4 (full 0):
 PSYoungGen      total 38080K, used 38064K [0x00000000eaab0000, 0x00000000ef510000, 0x0000000100000000)
  eden space 32704K, 100% used [0x00000000eaab0000,0x00000000ecaa0000,0x00000000ecaa0000)
  from space 5376K, 99% used [0x00000000ecaa0000,0x00000000ecfdc010,0x00000000ecfe0000)
  to   space 5376K, 0% used [0x00000000eefd0000,0x00000000eefd0000,0x00000000ef510000)
 ParOldGen       total 86912K, used 4748K [0x00000000c0000000, 0x00000000c54e0000, 0x00000000eaab0000)
  object space 86912K, 5% used [0x00000000c0000000,0x00000000c04a3120,0x00000000c54e0000)
 PSPermGen       total 21248K, used 21189K [0x00000000b0000000, 0x00000000b14c0000, 0x00000000c0000000)
  object space 21248K, 99% used [0x00000000b0000000,0x00000000b14b17c8,0x00000000b14c0000)
Event: 3.622 GC heap after
Heap after GC invocations=4 (full 0):
 PSYoungGen      total 70784K, used 5368K [0x00000000eaab0000, 0x00000000ef510000, 0x0000000100000000)
  eden space 65408K, 0% used [0x00000000eaab0000,0x00000000eaab0000,0x00000000eea90000)
  from space 5376K, 99% used [0x00000000eefd0000,0x00000000ef50e0f0,0x00000000ef510000)
  to   space 5376K, 0% used [0x00000000eea90000,0x00000000eea90000,0x00000000eefd0000)
 ParOldGen       total 86912K, used 7224K [0x00000000c0000000, 0x00000000c54e0000, 0x00000000eaab0000)
  object space 86912K, 8% used [0x00000000c0000000,0x00000000c070e3d8,0x00000000c54e0000)
 PSPermGen       total 21248K, used 21189K [0x00000000b0000000, 0x00000000b14c0000, 0x00000000c0000000)
  object space 21248K, 99% used [0x00000000b0000000,0x00000000b14b17c8,0x00000000b14c0000)
}
Event: 3.892 GC heap before
{Heap before GC invocations=5 (full 0):
 PSYoungGen      total 70784K, used 70776K [0x00000000eaab0000, 0x00000000ef510000, 0x0000000100000000)
  eden space 65408K, 100% used [0x00000000eaab0000,0x00000000eea90000,0x00000000eea90000)
  from space 5376K, 99% used [0x00000000eefd0000,0x00000000ef50e0f0,0x00000000ef510000)
  to   space 5376K, 0% used [0x00000000eea90000,0x00000000eea90000,0x00000000eefd0000)
 ParOldGen       total 86912K, used 7224K [0x00000000c0000000, 0x00000000c54e0000, 0x00000000eaab0000)
  object space 86912K, 8% used [0x00000000c0000000,0x00000000c070e3d8,0x00000000c54e0000)
 PSPermGen       total 21248K, used 21197K [0x00000000b0000000, 0x00000000b14c0000, 0x00000000c0000000)
  object space 21248K, 99% used [0x00000000b0000000,0x00000000b14b3710,0x00000000b14c0000)
Event: 3.928 GC heap after
Heap after GC invocations=5 (full 0):
 PSYoungGen      total 70784K, used 5364K [0x00000000eaab0000, 0x00000000f3cb0000, 0x0000000100000000)
  eden space 65408K, 0% used [0x00000000eaab0000,0x00000000eaab0000,0x00000000eea90000)
  from space 5376K, 99% used [0x00000000eea90000,0x00000000eefcd0d0,0x00000000eefd0000)
  to   space 9344K, 0% used [0x00000000f3390000,0x00000000f3390000,0x00000000f3cb0000)
 ParOldGen       total 86912K, used 7529K [0x00000000c0000000, 0x00000000c54e0000, 0x00000000eaab0000)
  object space 86912K, 8% used [0x00000000c0000000,0x00000000c075a408,0x00000000c54e0000)
 PSPermGen       total 21248K, used 21197K [0x00000000b0000000, 0x00000000b14c0000, 0x00000000c0000000)
  object space 21248K, 99% used [0x00000000b0000000,0x00000000b14b3710,0x00000000b14c0000)
}
Event: 4.979 GC heap before
{Heap before GC invocations=6 (full 0):
 PSYoungGen      total 70784K, used 70772K [0x00000000eaab0000, 0x00000000f3cb0000, 0x0000000100000000)
  eden space 65408K, 100% used [0x00000000eaab0000,0x00000000eea90000,0x00000000eea90000)
  from space 5376K, 99% used [0x00000000eea90000,0x00000000eefcd0d0,0x00000000eefd0000)
  to   space 9344K, 0% used [0x00000000f3390000,0x00000000f3390000,0x00000000f3cb0000)
 ParOldGen       total 86912K, used 7529K [0x00000000c0000000, 0x00000000c54e0000, 0x00000000eaab0000)
  object space 86912K, 8% used [0x00000000c0000000,0x00000000c075a408,0x00000000c54e0000)
 PSPermGen       total 23360K, used 23202K [0x00000000b0000000, 0x00000000b16d0000, 0x00000000c0000000)
  object space 23360K, 99% used [0x00000000b0000000,0x00000000b16a8b48,0x00000000b16d0000)
Event: 5.054 GC heap after
Heap after GC invocations=6 (full 0):
 PSYoungGen      total 139648K, used 8465K [0x00000000eaab0000, 0x00000000f3db0000, 0x0000000100000000)
  eden space 130304K, 0% used [0x00000000eaab0000,0x00000000eaab0000,0x00000000f29f0000)
  from space 9344K, 90% used [0x00000000f3390000,0x00000000f3bd4580,0x00000000f3cb0000)
  to   space 9856K, 0% used [0x00000000f29f0000,0x00000000f29f0000,0x00000000f3390000)
 ParOldGen       total 86912K, used 7537K [0x00000000c0000000, 0x00000000c54e0000, 0x00000000eaab0000)
  object space 86912K, 8% used [0x00000000c0000000,0x00000000c075c408,0x00000000c54e0000)
 PSPermGen       total 23360K, used 23202K [0x00000000b0000000, 0x00000000b16d0000, 0x00000000c0000000)
  object space 23360K, 99% used [0x00000000b0000000,0x00000000b16a8b48,0x00000000b16d0000)
}
Event: 5.479 GC heap before
{Heap before GC invocations=7 (full 0):
 PSYoungGen      total 139648K, used 138769K [0x00000000eaab0000, 0x00000000f3db0000, 0x0000000100000000)
  eden space 130304K, 100% used [0x00000000eaab0000,0x00000000f29f0000,0x00000000f29f0000)
  from space 9344K, 90% used [0x00000000f3390000,0x00000000f3bd4580,0x00000000f3cb0000)
  to   space 9856K, 0% used [0x00000000f29f0000,0x00000000f29f0000,0x00000000f3390000)
 ParOldGen       total 86912K, used 7537K [0x00000000c0000000, 0x00000000c54e0000, 0x00000000eaab0000)
  object space 86912K, 8% used [0x00000000c0000000,0x00000000c075c408,0x00000000c54e0000)
 PSPermGen       total 23360K, used 23232K [0x00000000b0000000, 0x00000000b16d0000, 0x00000000c0000000)
  object space 23360K, 99% used [0x00000000b0000000,0x00000000b16b00d0,0x00000000b16d0000)
Event: 5.486 GC heap after
Heap after GC invocations=7 (full 0):
 PSYoungGen      total 140160K, used 4616K [0x00000000eaab0000, 0x00000000f3db0000, 0x0000000100000000)
  eden space 130304K, 0% used [0x00000000eaab0000,0x00000000eaab0000,0x00000000f29f0000)
  from space 9856K, 46% used [0x00000000f29f0000,0x00000000f2e720e0,0x00000000f3390000)
  to   space 9344K, 0% used [0x00000000f3390000,0x00000000f3390000,0x00000000f3cb0000)
 ParOldGen       total 86912K, used 10933K [0x00000000c0000000, 0x00000000c54e0000, 0x00000000eaab0000)
  object space 86912K, 12% used [0x00000000c0000000,0x00000000c0aad490,0x00000000c54e0000)
 PSPermGen       total 23360K, used 23232K [0x00000000b0000000, 0x00000000b16d0000, 0x00000000c0000000)
  object space 23360K, 99% used [0x00000000b0000000,0x00000000b16b00d0,0x00000000b16d0000)
}

Deoptimization events (10 events):
Event: 4.227 Thread 0x000000000bb58800 Uncommon trap -34 fr.pc 0x00000000025d5df8
Event: 4.234 Thread 0x000000000bb58800 Uncommon trap -34 fr.pc 0x00000000025d5df8
Event: 4.677 Thread 0x000000000bb58800 Uncommon trap -12 fr.pc 0x0000000002732888
Event: 5.409 Thread 0x000000000bb58800 Uncommon trap -58 fr.pc 0x000000000274f320
Event: 5.409 Thread 0x000000000bb58800 Uncommon trap -58 fr.pc 0x000000000274f320
Event: 5.409 Thread 0x000000000bb58800 Uncommon trap -58 fr.pc 0x000000000274f320
Event: 5.409 Thread 0x000000000bb58800 Uncommon trap -83 fr.pc 0x000000000274e4ec
Event: 5.410 Thread 0x000000000bb58800 Uncommon trap -83 fr.pc 0x00000000025b83e4
Event: 5.715 Thread 0x000000000bb58800 Uncommon trap -83 fr.pc 0x000000000275a2a8
Event: 5.805 Thread 0x000000000bb58800 Uncommon trap -83 fr.pc 0x000000000258e914

Internal exceptions (10 events):
Event: 5.946 Thread 0x000000000bb58800 Threw 0x00000000eff93c30 at C:\jdk7u2_64p\jdk7u25\hotspot\src\share\vm\prims\jvm.cpp:1235
Event: 5.946 Thread 0x000000000bb58800 Threw 0x00000000eff96188 at C:\jdk7u2_64p\jdk7u25\hotspot\src\share\vm\prims\jvm.cpp:1235
Event: 5.946 Thread 0x000000000bb58800 Threw 0x00000000eff96a68 at C:\jdk7u2_64p\jdk7u25\hotspot\src\share\vm\prims\jvm.cpp:1235
Event: 5.946 Thread 0x000000000bb58800 Threw 0x00000000eff9a770 at C:\jdk7u2_64p\jdk7u25\hotspot\src\share\vm\prims\jvm.cpp:1235
Event: 5.946 Thread 0x000000000bb58800 Threw 0x00000000eff9afd0 at C:\jdk7u2_64p\jdk7u25\hotspot\src\share\vm\prims\jvm.cpp:1235
Event: 5.947 Thread 0x000000000bb58800 Threw 0x00000000effa8428 at C:\jdk7u2_64p\jdk7u25\hotspot\src\share\vm\prims\jni.cpp:1631
Event: 5.948 Thread 0x000000000bb58800 Threw 0x00000000effabe80 at C:\jdk7u2_64p\jdk7u25\hotspot\src\share\vm\prims\jvm.cpp:1235
Event: 5.948 Thread 0x000000000bb58800 Threw 0x00000000effac6e0 at C:\jdk7u2_64p\jdk7u25\hotspot\src\share\vm\prims\jvm.cpp:1235
Event: 5.948 Thread 0x000000000bb58800 Threw 0x00000000effaf5a8 at C:\jdk7u2_64p\jdk7u25\hotspot\src\share\vm\prims\jvm.cpp:1235
Event: 5.948 Thread 0x000000000bb58800 Threw 0x00000000effafe20 at C:\jdk7u2_64p\jdk7u25\hotspot\src\share\vm\prims\jvm.cpp:1235

Events (10 events):
Event: 5.946 loading class 0x000000000bc42330
Event: 5.946 loading class 0x000000000bc42330 done
Event: 5.946 loading class 0x000000000b64ba00
Event: 5.946 loading class 0x000000000b64ba00 done
Event: 5.946 loading class 0x000000000b64bcd0
Event: 5.946 loading class 0x000000000b64bcd0 done
Event: 5.948 loading class 0x000000000c5ef6a0
Event: 5.948 loading class 0x000000000c5ef6a0 done
Event: 5.948 loading class 0x000000000b64bdc0
Event: 5.948 loading class 0x000000000b64bdc0 done


Dynamic libraries:
0x000000013f920000 - 0x000000013f953000 	C:\Program Files\Java\jdk1.7.0_25\bin\java.exe
0x0000000077230000 - 0x00000000773d9000 	C:\Windows\SYSTEM32\ntdll.dll
0x0000000077110000 - 0x000000007722f000 	C:\Windows\system32\kernel32.dll
0x000007fefd260000 - 0x000007fefd2cc000 	C:\Windows\system32\KERNELBASE.dll
0x000007fefda30000 - 0x000007fefdb0b000 	C:\Windows\system32\ADVAPI32.dll
0x000007fefd490000 - 0x000007fefd52f000 	C:\Windows\system32\msvcrt.dll
0x000007fefd920000 - 0x000007fefd93f000 	C:\Windows\SYSTEM32\sechost.dll
0x000007fefd5a0000 - 0x000007fefd6cd000 	C:\Windows\system32\RPCRT4.dll
0x0000000077010000 - 0x000000007710a000 	C:\Windows\system32\USER32.dll
0x000007fefd530000 - 0x000007fefd597000 	C:\Windows\system32\GDI32.dll
0x000007fefd480000 - 0x000007fefd48e000 	C:\Windows\system32\LPK.dll
0x000007fefd3b0000 - 0x000007fefd479000 	C:\Windows\system32\USP10.dll
0x000007fefb800000 - 0x000007fefb9f4000 	C:\Windows\WinSxS\amd64_microsoft.windows.common-controls_6595b64144ccf1df_6.0.7601.17514_none_fa396087175ac9ac\COMCTL32.dll
0x000007feff230000 - 0x000007feff2a1000 	C:\Windows\system32\SHLWAPI.dll
0x000007fefde60000 - 0x000007fefde8e000 	C:\Windows\system32\IMM32.DLL
0x000007fefde90000 - 0x000007fefdf99000 	C:\Windows\system32\MSCTF.dll
0x000000005e320000 - 0x000000005e3f1000 	C:\Program Files\Java\jdk1.7.0_25\jre\bin\msvcr100.dll
0x0000000056af0000 - 0x00000000571ff000 	C:\Program Files\Java\jdk1.7.0_25\jre\bin\server\jvm.dll
0x000007fef8260000 - 0x000007fef8269000 	C:\Windows\system32\WSOCK32.dll
0x000007fefde10000 - 0x000007fefde5d000 	C:\Windows\system32\WS2_32.dll
0x000007fefda20000 - 0x000007fefda28000 	C:\Windows\system32\NSI.dll
0x000007fef9f90000 - 0x000007fef9fcb000 	C:\Windows\system32\WINMM.dll
0x00000000773f0000 - 0x00000000773f7000 	C:\Windows\system32\PSAPI.DLL
0x0000000060630000 - 0x000000006063f000 	C:\Program Files\Java\jdk1.7.0_25\jre\bin\verify.dll
0x000000005e410000 - 0x000000005e438000 	C:\Program Files\Java\jdk1.7.0_25\jre\bin\java.dll
0x000000005e480000 - 0x000000005e495000 	C:\Program Files\Java\jdk1.7.0_25\jre\bin\zip.dll
0x000000005e300000 - 0x000000005e319000 	C:\Program Files\Java\jdk1.7.0_25\jre\bin\net.dll
0x000007fefc490000 - 0x000007fefc4e5000 	C:\Windows\system32\mswsock.dll
0x000007fefc480000 - 0x000007fefc487000 	C:\Windows\System32\wship6.dll
0x000000005e2e0000 - 0x000000005e2f1000 	C:\Program Files\Java\jdk1.7.0_25\jre\bin\nio.dll
0x000007fefc4f0000 - 0x000007fefc507000 	C:\Windows\system32\CRYPTSP.dll
0x000007fefc1f0000 - 0x000007fefc237000 	C:\Windows\system32\rsaenh.dll
0x000007fefd390000 - 0x000007fefd3ae000 	C:\Windows\system32\USERENV.dll
0x000007fefd000000 - 0x000007fefd00f000 	C:\Windows\system32\profapi.dll
0x000007fefce90000 - 0x000007fefce9f000 	C:\Windows\system32\CRYPTBASE.dll
0x000007fef9e20000 - 0x000007fef9e35000 	C:\Windows\system32\NLAapi.dll
0x000007fef2360000 - 0x000007fef2375000 	C:\Windows\system32\napinsp.dll
0x000007fef2340000 - 0x000007fef2359000 	C:\Windows\system32\pnrpnsp.dll
0x000007fefc310000 - 0x000007fefc36b000 	C:\Windows\system32\DNSAPI.dll
0x000007fef2330000 - 0x000007fef233b000 	C:\Windows\System32\winrnr.dll
0x000007fef2960000 - 0x000007fef298f000 	C:\Program Files\Common Files\Microsoft Shared\Windows Live\WLIDNSP.DLL
0x000000006cb90000 - 0x000000006cbb6000 	C:\Program Files\Bonjour\mdnsNSP.dll
0x000007fef9d00000 - 0x000007fef9d27000 	C:\Windows\system32\Iphlpapi.DLL
0x000007fef9cf0000 - 0x000007fef9cfb000 	C:\Windows\system32\WINNSI.DLL
0x000007fefc980000 - 0x000007fefc987000 	C:\Windows\System32\wshtcpip.dll
0x000007fef2950000 - 0x000007fef2958000 	C:\Windows\system32\rasadhlp.dll
0x000007fef9b80000 - 0x000007fef9bd3000 	C:\Windows\System32\fwpuclnt.dll
0x000007feeeb40000 - 0x000007feeeb52000 	C:\Users\College\AppData\Local\Temp\native-platform4130274188913582689dir\native-platform.dll
0x000007fef9b00000 - 0x000007fef9b18000 	C:\Windows\system32\dhcpcsvc.DLL
0x000007fef9ad0000 - 0x000007fef9ae1000 	C:\Windows\system32\dhcpcsvc6.DLL
0x000007fefcdf0000 - 0x000007fefce47000 	C:\Windows\system32\apphelp.dll

VM Arguments:
jvm_args: -XX:MaxPermSize=256m -XX:+HeapDumpOnOutOfMemoryError -Xmx1024m -Dfile.encoding=windows-1252 -Duser.country=IE -Duser.language=en -Duser.variant 
java_command: org.gradle.launcher.daemon.bootstrap.GradleDaemon 2.2.1 C:\Users\College\.gradle\daemon 10800000 0f70095d-11b1-4949-9faa-38df0859cfdd -XX:MaxPermSize=256m -XX:+HeapDumpOnOutOfMemoryError -Xmx1024m -Dfile.encoding=windows-1252 -Duser.country=IE -Duser.language=en -Duser.variant
Launcher Type: SUN_STANDARD

Environment Variables:
JAVA_HOME=C:\Program Files\Java\jdk1.7.0_40
CLASSPATH=C:\Program Files\Java\jdk1.7.0_40\bin;
PATH=C:\ProgramData\Oracle\Java\javapath;C:\Program Files\Haskell\bin;C:\Program Files\Haskell Platform\2014.2.0.0\lib\extralibs\bin;C:\Program Files\Haskell Platform\2014.2.0.0\bin;C:\Program Files (x86)\Intel\iCLS Client\;C:\Program Files\Intel\iCLS Client\;C:\Program Files (x86)\NVIDIA Corporation\PhysX\Common;C:\Program Files\Java\jdk1.7.0_40\bin;C:\Program Files\Common Files\Microsoft Shared\Windows Live;C:\Program Files (x86)\Common Files\Microsoft Shared\Windows Live;C:\Windows\system32;C:\Windows;C:\Windows\System32\Wbem;C:\Windows\System32\WindowsPowerShell\v1.0\;C:\Program Files (x86)\ATI Technologies\ATI.ACE\Core-Static;C:\Program Files (x86)\Windows Live\Shared;C:\Program Files (x86)\Intel\OpenCL SDK\2.0\bin\x86;C:\Program Files (x86)\Intel\OpenCL SDK\2.0\bin\x64;C:\Program Files\Calibre2\;C:\MinGW\bin;C:\Program Files\Intel\Intel(R) Management Engine Components\DAL;C:\Program Files\Intel\Intel(R) Management Engine Components\IPT;C:\Program Files (x86)\Intel\Intel(R) Management Engine Components\DAL;C:\Program Files (x86)\Intel\Intel(R) Management Engine Components\IPT;C:\Program Files (x86)\AMD\ATI.ACE\Core-Static;C:\Program Files (x86)\Livestreamer;C:\Program Files\Haskell Platform\2014.2.0.0\mingw\bin;C:\Program Files (x86)\MySQL\MySQL Fabric 1.5.3 & MySQL Utilities 1.5.3 1.5\;C:\Program Files (x86)\MySQL\MySQL Fabric 1.5.3 & MySQL Utilities 1.5.3 1.5\Doctrine extensions for PHP\;C:\Users\College\AppData\Roaming\cabal\bin
USERNAME=College
OS=Windows_NT
PROCESSOR_IDENTIFIER=Intel64 Family 6 Model 58 Stepping 9, GenuineIntel



---------------  S Y S T E M  ---------------

OS: Windows 7 , 64 bit Build 7601 Service Pack 1

CPU:total 4 (4 cores per cpu, 1 threads per core) family 6 model 58 stepping 9, cmov, cx8, fxsr, mmx, sse, sse2, sse3, ssse3, sse4.1, sse4.2, popcnt, avx, tsc, tscinvbit, tscinv

Memory: 4k page, physical 8339908k(502148k free), swap 8338052k(5952k free)

vm_info: Java HotSpot(TM) 64-Bit Server VM (23.25-b01) for windows-amd64 JRE (1.7.0_25-b17), built on Jun 21 2013 12:58:32 by "java_re" with unknown MS VC++:1600

time: Wed Mar 11 02:45:11 2015
elapsed time: 5 seconds

